yggtest.win_1	win-1	RUN	1525819384558	 	2.0
Scenario11	5587191990609097529-0	USER	START	1525819384581	0
Scenario11	5587191990609097529-1	USER	START	1525819384583	0
Scenario11	5587191990609097529-2	USER	START	1525819384583	0
Scenario11	5587191990609097529-3	USER	START	1525819384583	0
Scenario11	5587191990609097529-4	USER	START	1525819384583	0
Scenario11	5587191990609097529-5	USER	START	1525819384583	0
Scenario11	5587191990609097529-6	USER	START	1525819384583	0
Scenario11	5587191990609097529-7	USER	START	1525819384583	0
Scenario11	5587191990609097529-8	USER	START	1525819384583	0
Scenario11	5587191990609097529-9	USER	START	1525819384583	0
Scenario11	5587191990609097529-8	REQUEST		Request_10	1525819384741	1525819384846	1525819384981	1525819384982	OK	 
Scenario11	5587191990609097529-2	REQUEST		Request_10	1525819384718	1525819384822	1525819384965	1525819384967	OK	 
Scenario11	5587191990609097529-3	REQUEST		Request_10	1525819384720	1525819384822	1525819384999	1525819384999	OK	 
Scenario11	5587191990609097529-0	REQUEST		Request_10	1525819384609	1525819384815	1525819384968	1525819384969	OK	 
Scenario11	5587191990609097529-9	REQUEST		Request_10	1525819384747	1525819384842	1525819384995	1525819384996	OK	 
Scenario11	5587191990609097529-4	REQUEST		Request_10	1525819384721	1525819384815	1525819384965	1525819384967	OK	 
Scenario11	5587191990609097529-5	REQUEST		Request_10	1525819384723	1525819384822	1525819384995	1525819384995	OK	 
Scenario11	5587191990609097529-6	REQUEST		Request_10	1525819384728	1525819384846	1525819384999	1525819384999	OK	 
Scenario11	5587191990609097529-7	REQUEST		Request_10	1525819384731	1525819384846	1525819384984	1525819384984	OK	 
Scenario11	5587191990609097529-1	REQUEST		Request_10	1525819384716	1525819384815	1525819384965	1525819384967	OK	 
Scenario11	5587191990609097529-8	REQUEST		Request_11	1525819385089	1525819385090	1525819385150	1525819385151	OK	 
Scenario11	5587191990609097529-7	REQUEST		Request_11	1525819385091	1525819385092	1525819385154	1525819385155	KO	jsonPath($.data.wager.status).find(0).is(Pending), but actually found Finished
Scenario11	5587191990609097529-4	REQUEST		Request_11	1525819385099	1525819385100	1525819385159	1525819385160	KO	jsonPath($.data.wager.status).find(0).is(Pending), but actually found Finished
Scenario11	5587191990609097529-0	REQUEST		Request_11	1525819385100	1525819385101	1525819385161	1525819385163	OK	 
Scenario11	5587191990609097529-1	REQUEST		Request_11	1525819385095	1525819385095	1525819385150	1525819385150	KO	jsonPath($.data.wager.status).find(0).is(Pending), but actually found Finished
Scenario11	5587191990609097529-6	REQUEST		Request_11	1525819385093	1525819385094	1525819385155	1525819385155	OK	 
Scenario11	5587191990609097529-2	REQUEST		Request_11	1525819385086	1525819385087	1525819385158	1525819385159	KO	jsonPath($.data.wager.status).find(0).is(Pending), but actually found Finished
Scenario11	5587191990609097529-9	REQUEST		Request_11	1525819385096	1525819385097	1525819385162	1525819385163	KO	jsonPath($.data.wager.status).find(0).is(Pending), but actually found Finished
Scenario11	5587191990609097529-3	REQUEST		Request_11	1525819385088	1525819385089	1525819385155	1525819385155	KO	jsonPath($.data.wager.status).find(0).is(Pending), but actually found Finished
Scenario11	5587191990609097529-5	REQUEST		Request_11	1525819385097	1525819385098	1525819385172	1525819385173	KO	jsonPath($.data.wager.status).find(0).is(Pending), but actually found Finished
Scenario11	5587191990609097529-2	REQUEST		if true	1525819385195	1525819385196	1525819385246	1525819385247	KO	jsonPath($.data.wager.bets[0].wonamount).find(0).exists, found nothing
Scenario11	5587191990609097529-5	REQUEST		if true	1525819385200	1525819385201	1525819385249	1525819385249	KO	jsonPath($.data.wager.bets[0].wonamount).find(0).exists, found nothing
Scenario11	5587191990609097529-4	REQUEST		if true	1525819385187	1525819385188	1525819385241	1525819385241	KO	jsonPath($.data.wager.bets[0].wonamount).find(0).exists, found nothing
Scenario11	5587191990609097529-1	REQUEST		if true	1525819385190	1525819385192	1525819385240	1525819385240	KO	jsonPath($.data.wager.bets[0].wonamount).find(0).exists, found nothing
Scenario11	5587191990609097529-9	REQUEST		if true	1525819385197	1525819385198	1525819385249	1525819385249	KO	jsonPath($.data.wager.bets[0].wonamount).find(0).exists, found nothing
Scenario11	5587191990609097529-3	REQUEST		if true	1525819385199	1525819385199	1525819385248	1525819385249	KO	jsonPath($.data.wager.bets[0].wonamount).find(0).exists, found nothing
Scenario11	5587191990609097529-7	REQUEST		if true	1525819385185	1525819385186	1525819385236	1525819385236	KO	jsonPath($.data.wager.bets[0].wonamount).find(0).exists, found nothing
Scenario11	5587191990609097529-0	REQUEST		if true	1525819385189	1525819385190	1525819385246	1525819385247	OK	 
Scenario11	5587191990609097529-6	REQUEST		if true	1525819385193	1525819385194	1525819385256	1525819385256	OK	 
Scenario11	5587191990609097529-8	REQUEST		if true	1525819385181	1525819385182	1525819385235	1525819385235	OK	 
Scenario11	5587191990609097529-1	USER	END	1525819384583	1525819388135
Scenario11	5587191990609097529-2	USER	END	1525819384583	1525819388137
Scenario11	5587191990609097529-4	USER	END	1525819384583	1525819388145
Scenario11	5587191990609097529-0	USER	END	1525819384581	1525819388147
Scenario11	5587191990609097529-7	USER	END	1525819384583	1525819388154
Scenario11	5587191990609097529-8	USER	END	1525819384583	1525819388156
Scenario11	5587191990609097529-3	USER	END	1525819384583	1525819388164
Scenario11	5587191990609097529-9	USER	END	1525819384583	1525819388165
Scenario11	5587191990609097529-6	USER	END	1525819384583	1525819388167
Scenario11	5587191990609097529-5	USER	END	1525819384583	1525819388174
